2017-11-02 23:45:31.278 PDT [7664] LOG:  listening on IPv6 address "::1", port 5432
2017-11-02 23:45:31.278 PDT [7664] LOG:  listening on IPv6 address "fe80::1%lo0", port 5432
2017-11-02 23:45:31.278 PDT [7664] LOG:  listening on IPv4 address "127.0.0.1", port 5432
2017-11-02 23:45:31.340 PDT [7664] LOG:  listening on Unix socket "/tmp/.s.PGSQL.5432"
2017-11-02 23:45:31.354 PDT [7665] LOG:  database system was shut down at 2017-11-02 23:45:04 PDT
2017-11-02 23:45:31.357 PDT [7664] LOG:  database system is ready to accept connections
2017-11-02 23:46:28.315 PDT [7677] FATAL:  role "postgres" does not exist
2017-11-02 23:47:38.145 PDT [7684] FATAL:  role "postgres" does not exist
2017-11-02 23:48:11.143 PDT [7690] FATAL:  database "Azmeer" does not exist
2017-11-02 23:48:26.503 PDT [7692] FATAL:  database "Azmeer" does not exist
2017-11-02 23:50:00.116 PDT [7701] ERROR:  syntax error at or near "?" at character 1
2017-11-02 23:50:00.116 PDT [7701] STATEMENT:  ?
	help
	help
	;
2017-11-02 23:51:55.598 PDT [7711] ERROR:  role "Azmeer" already exists
2017-11-02 23:51:55.598 PDT [7711] STATEMENT:  CREATE ROLE "Azmeer" NOSUPERUSER NOCREATEDB NOCREATEROLE INHERIT LOGIN;
2017-11-02 23:53:07.066 PDT [7718] FATAL:  role "postgres" does not exist
2017-11-02 23:53:59.443 PDT [7723] FATAL:  role "postgres" does not exist
2017-11-02 23:54:31.447 PDT [7728] FATAL:  role "postgres" does not exist
2017-11-02 23:55:25.491 PDT [7738] FATAL:  database "users_dev" does not exist
2017-11-02 23:56:11.573 PDT [7742] FATAL:  database "Azmeer" does not exist
